[20:01:51] [ServerMain/INFO]: Environment: authHost='https://authserver.mojang.com', accountsHost='https://api.mojang.com', sessionHost='https://sessionserver.mojang.com', servicesHost='https://api.minecraftservices.com', name='PROD'
[20:01:51] [ServerMain/INFO]: Found new data pack file/bukkit, loading it automatically
[20:01:51] [ServerMain/INFO]: Reloading ResourceManager: Default, bukkit
[20:01:52] [Worker-Main-14/INFO]: Loaded 7 recipes
[20:01:54] [Server thread/INFO]: Starting minecraft server version 1.18.1
[20:01:54] [Server thread/INFO]: Loading properties
[20:01:55] [Server thread/INFO]: This server is running CraftBukkit version 3396-Spigot-f4ff00f-f3828bb (MC: 1.18.1) (Implementing API version 1.18.1-R0.1-SNAPSHOT)
[20:01:55] [Server thread/INFO]: Debug logging is disabled
[20:01:55] [Server thread/INFO]: Server Ping Player Sample Count: 12
[20:01:55] [Server thread/INFO]: Using 4 threads for Netty based IO
[20:01:55] [Server thread/INFO]: Default game type: SURVIVAL
[20:01:55] [Server thread/INFO]: Generating keypair
[20:01:55] [Server thread/INFO]: Starting Minecraft server on *:25565
[20:01:55] [Server thread/INFO]: Using default channel type
[20:01:56] [Server thread/INFO]: [ResetPlugin] Loading ResetPlugin v1.0-SNAPSHOT
[20:01:56] [Server thread/INFO]: Preparing level "world"
[20:01:56] [Server thread/INFO]: -------- World Settings For [world] --------
[20:01:56] [Server thread/INFO]: Item Merge Radius: 2.5
[20:01:56] [Server thread/INFO]: Item Despawn Rate: 6000
[20:01:56] [Server thread/INFO]: View Distance: 10
[20:01:56] [Server thread/INFO]: Simulation Distance: 10
[20:01:56] [Server thread/INFO]: Allow Zombie Pigmen to spawn from portal blocks: true
[20:01:56] [Server thread/INFO]: Nerfing mobs spawned from spawners: false
[20:01:56] [Server thread/INFO]: Arrow Despawn Rate: 1200 Trident Respawn Rate:1200
[20:01:56] [Server thread/INFO]: Zombie Aggressive Towards Villager: true
[20:01:56] [Server thread/INFO]: Experience Merge Radius: 3.0
[20:01:56] [Server thread/INFO]: Mob Spawn Range: 6
[20:01:56] [Server thread/INFO]: Cactus Growth Modifier: 100%
[20:01:56] [Server thread/INFO]: Cane Growth Modifier: 100%
[20:01:56] [Server thread/INFO]: Melon Growth Modifier: 100%
[20:01:56] [Server thread/INFO]: Mushroom Growth Modifier: 100%
[20:01:56] [Server thread/INFO]: Pumpkin Growth Modifier: 100%
[20:01:56] [Server thread/INFO]: Sapling Growth Modifier: 100%
[20:01:56] [Server thread/INFO]: Beetroot Growth Modifier: 100%
[20:01:56] [Server thread/INFO]: Carrot Growth Modifier: 100%
[20:01:56] [Server thread/INFO]: Potato Growth Modifier: 100%
[20:01:56] [Server thread/INFO]: Wheat Growth Modifier: 100%
[20:01:56] [Server thread/INFO]: NetherWart Growth Modifier: 100%
[20:01:56] [Server thread/INFO]: Vine Growth Modifier: 100%
[20:01:56] [Server thread/INFO]: Cocoa Growth Modifier: 100%
[20:01:56] [Server thread/INFO]: Bamboo Growth Modifier: 100%
[20:01:56] [Server thread/INFO]: SweetBerry Growth Modifier: 100%
[20:01:56] [Server thread/INFO]: Kelp Growth Modifier: 100%
[20:01:56] [Server thread/INFO]: Entity Activation Range: An 32 / Mo 32 / Ra 48 / Mi 16 / Tiv true / Isa false
[20:01:56] [Server thread/INFO]: Entity Tracking Range: Pl 48 / An 48 / Mo 48 / Mi 32 / Other 64
[20:01:56] [Server thread/INFO]: Hopper Transfer: 8 Hopper Check: 1 Hopper Amount: 1
[20:01:56] [Server thread/INFO]: Custom Map Seeds:  Village: 10387312 Desert: 14357617 Igloo: 14357618 Jungle: 14357619 Swamp: 14357620 Monument: 10387313 Ocean: 14357621 Shipwreck: 165745295 End City: 10387313 Slime: 987234911 Bastion: 30084232 Fortress: 30084232 Mansion: 10387319 Fossil: 14357921 Portal: 34222645
[20:01:56] [Server thread/INFO]: Tile Max Tick Time: 50ms Entity max Tick Time: 50ms
[20:01:56] [Server thread/INFO]: Max TNT Explosions: 100
[20:02:02] [Server thread/INFO]: -------- World Settings For [world_nether] --------
[20:02:02] [Server thread/INFO]: Item Merge Radius: 2.5
[20:02:02] [Server thread/INFO]: Item Despawn Rate: 6000
[20:02:02] [Server thread/INFO]: View Distance: 10
[20:02:02] [Server thread/INFO]: Simulation Distance: 10
[20:02:02] [Server thread/INFO]: Allow Zombie Pigmen to spawn from portal blocks: true
[20:02:02] [Server thread/INFO]: Nerfing mobs spawned from spawners: false
[20:02:02] [Server thread/INFO]: Arrow Despawn Rate: 1200 Trident Respawn Rate:1200
[20:02:02] [Server thread/INFO]: Zombie Aggressive Towards Villager: true
[20:02:02] [Server thread/INFO]: Experience Merge Radius: 3.0
[20:02:02] [Server thread/INFO]: Mob Spawn Range: 6
[20:02:02] [Server thread/INFO]: Cactus Growth Modifier: 100%
[20:02:02] [Server thread/INFO]: Cane Growth Modifier: 100%
[20:02:02] [Server thread/INFO]: Melon Growth Modifier: 100%
[20:02:02] [Server thread/INFO]: Mushroom Growth Modifier: 100%
[20:02:02] [Server thread/INFO]: Pumpkin Growth Modifier: 100%
[20:02:02] [Server thread/INFO]: Sapling Growth Modifier: 100%
[20:02:02] [Server thread/INFO]: Beetroot Growth Modifier: 100%
[20:02:02] [Server thread/INFO]: Carrot Growth Modifier: 100%
[20:02:02] [Server thread/INFO]: Potato Growth Modifier: 100%
[20:02:02] [Server thread/INFO]: Wheat Growth Modifier: 100%
[20:02:02] [Server thread/INFO]: NetherWart Growth Modifier: 100%
[20:02:02] [Server thread/INFO]: Vine Growth Modifier: 100%
[20:02:02] [Server thread/INFO]: Cocoa Growth Modifier: 100%
[20:02:02] [Server thread/INFO]: Bamboo Growth Modifier: 100%
[20:02:02] [Server thread/INFO]: SweetBerry Growth Modifier: 100%
[20:02:02] [Server thread/INFO]: Kelp Growth Modifier: 100%
[20:02:02] [Server thread/INFO]: Entity Activation Range: An 32 / Mo 32 / Ra 48 / Mi 16 / Tiv true / Isa false
[20:02:02] [Server thread/INFO]: Entity Tracking Range: Pl 48 / An 48 / Mo 48 / Mi 32 / Other 64
[20:02:02] [Server thread/INFO]: Hopper Transfer: 8 Hopper Check: 1 Hopper Amount: 1
[20:02:02] [Server thread/INFO]: Custom Map Seeds:  Village: 10387312 Desert: 14357617 Igloo: 14357618 Jungle: 14357619 Swamp: 14357620 Monument: 10387313 Ocean: 14357621 Shipwreck: 165745295 End City: 10387313 Slime: 987234911 Bastion: 30084232 Fortress: 30084232 Mansion: 10387319 Fossil: 14357921 Portal: 34222645
[20:02:02] [Server thread/INFO]: Tile Max Tick Time: 50ms Entity max Tick Time: 50ms
[20:02:02] [Server thread/INFO]: Max TNT Explosions: 100
[20:02:04] [Server thread/INFO]: -------- World Settings For [world_the_end] --------
[20:02:04] [Server thread/INFO]: Item Merge Radius: 2.5
[20:02:04] [Server thread/INFO]: Item Despawn Rate: 6000
[20:02:04] [Server thread/INFO]: View Distance: 10
[20:02:04] [Server thread/INFO]: Simulation Distance: 10
[20:02:04] [Server thread/INFO]: Allow Zombie Pigmen to spawn from portal blocks: true
[20:02:04] [Server thread/INFO]: Nerfing mobs spawned from spawners: false
[20:02:04] [Server thread/INFO]: Arrow Despawn Rate: 1200 Trident Respawn Rate:1200
[20:02:04] [Server thread/INFO]: Zombie Aggressive Towards Villager: true
[20:02:04] [Server thread/INFO]: Experience Merge Radius: 3.0
[20:02:04] [Server thread/INFO]: Mob Spawn Range: 6
[20:02:04] [Server thread/INFO]: Cactus Growth Modifier: 100%
[20:02:04] [Server thread/INFO]: Cane Growth Modifier: 100%
[20:02:04] [Server thread/INFO]: Melon Growth Modifier: 100%
[20:02:04] [Server thread/INFO]: Mushroom Growth Modifier: 100%
[20:02:04] [Server thread/INFO]: Pumpkin Growth Modifier: 100%
[20:02:04] [Server thread/INFO]: Sapling Growth Modifier: 100%
[20:02:04] [Server thread/INFO]: Beetroot Growth Modifier: 100%
[20:02:04] [Server thread/INFO]: Carrot Growth Modifier: 100%
[20:02:04] [Server thread/INFO]: Potato Growth Modifier: 100%
[20:02:04] [Server thread/INFO]: Wheat Growth Modifier: 100%
[20:02:04] [Server thread/INFO]: NetherWart Growth Modifier: 100%
[20:02:04] [Server thread/INFO]: Vine Growth Modifier: 100%
[20:02:04] [Server thread/INFO]: Cocoa Growth Modifier: 100%
[20:02:04] [Server thread/INFO]: Bamboo Growth Modifier: 100%
[20:02:04] [Server thread/INFO]: SweetBerry Growth Modifier: 100%
[20:02:04] [Server thread/INFO]: Kelp Growth Modifier: 100%
[20:02:04] [Server thread/INFO]: Entity Activation Range: An 32 / Mo 32 / Ra 48 / Mi 16 / Tiv true / Isa false
[20:02:04] [Server thread/INFO]: Entity Tracking Range: Pl 48 / An 48 / Mo 48 / Mi 32 / Other 64
[20:02:04] [Server thread/INFO]: Hopper Transfer: 8 Hopper Check: 1 Hopper Amount: 1
[20:02:04] [Server thread/INFO]: Custom Map Seeds:  Village: 10387312 Desert: 14357617 Igloo: 14357618 Jungle: 14357619 Swamp: 14357620 Monument: 10387313 Ocean: 14357621 Shipwreck: 165745295 End City: 10387313 Slime: 987234911 Bastion: 30084232 Fortress: 30084232 Mansion: 10387319 Fossil: 14357921 Portal: 34222645
[20:02:04] [Server thread/INFO]: Tile Max Tick Time: 50ms Entity max Tick Time: 50ms
[20:02:04] [Server thread/INFO]: Max TNT Explosions: 100
[20:02:04] [Server thread/INFO]: Preparing start region for dimension minecraft:overworld
[20:02:05] [Worker-Main-20/INFO]: Preparing spawn area: 0%
[20:02:05] [Worker-Main-18/INFO]: Preparing spawn area: 0%
[20:02:05] [Worker-Main-12/INFO]: Preparing spawn area: 0%
[20:02:06] [Worker-Main-23/INFO]: Preparing spawn area: 0%
[20:02:06] [Worker-Main-13/INFO]: Preparing spawn area: 1%
[20:02:07] [Worker-Main-20/INFO]: Preparing spawn area: 2%
[20:02:07] [Worker-Main-12/INFO]: Preparing spawn area: 4%
[20:02:08] [Worker-Main-12/INFO]: Preparing spawn area: 5%
[20:02:08] [Worker-Main-22/INFO]: Preparing spawn area: 7%
[20:02:09] [Worker-Main-21/INFO]: Preparing spawn area: 9%
[20:02:09] [Worker-Main-14/INFO]: Preparing spawn area: 9%
[20:02:10] [Worker-Main-22/INFO]: Preparing spawn area: 11%
[20:02:10] [Worker-Main-18/INFO]: Preparing spawn area: 13%
[20:02:12] [Worker-Main-15/INFO]: Preparing spawn area: 15%
[20:02:12] [Worker-Main-21/INFO]: Preparing spawn area: 15%
[20:02:12] [Worker-Main-21/INFO]: Preparing spawn area: 15%
[20:02:12] [Worker-Main-15/INFO]: Preparing spawn area: 16%
[20:02:13] [Worker-Main-22/INFO]: Preparing spawn area: 19%
[20:02:13] [Worker-Main-14/INFO]: Preparing spawn area: 24%
[20:02:14] [Worker-Main-17/INFO]: Preparing spawn area: 29%
[20:02:14] [Worker-Main-18/INFO]: Preparing spawn area: 34%
[20:02:15] [Worker-Main-20/INFO]: Preparing spawn area: 40%
[20:02:15] [Worker-Main-20/INFO]: Preparing spawn area: 44%
[20:02:16] [Worker-Main-23/INFO]: Preparing spawn area: 51%
[20:02:16] [Worker-Main-19/INFO]: Preparing spawn area: 55%
[20:02:17] [Worker-Main-22/INFO]: Preparing spawn area: 61%
[20:02:17] [Worker-Main-14/INFO]: Preparing spawn area: 67%
[20:02:18] [Worker-Main-23/INFO]: Preparing spawn area: 72%
[20:02:18] [Worker-Main-22/INFO]: Preparing spawn area: 77%
[20:02:19] [Worker-Main-19/INFO]: Preparing spawn area: 84%
[20:02:19] [Worker-Main-18/INFO]: Preparing spawn area: 89%
[20:02:20] [Worker-Main-15/INFO]: Preparing spawn area: 95%
[20:02:20] [Server thread/INFO]: Time elapsed: 15766 ms
[20:02:20] [Server thread/INFO]: Preparing start region for dimension minecraft:the_nether
[20:02:20] [Worker-Main-18/INFO]: Preparing spawn area: 0%
[20:02:20] [Worker-Main-22/INFO]: Preparing spawn area: 0%
[20:02:21] [Worker-Main-19/INFO]: Preparing spawn area: 2%
[20:02:21] [Worker-Main-15/INFO]: Preparing spawn area: 6%
[20:02:22] [Worker-Main-22/INFO]: Preparing spawn area: 10%
[20:02:22] [Worker-Main-15/INFO]: Preparing spawn area: 13%
[20:02:23] [Worker-Main-17/INFO]: Preparing spawn area: 17%
[20:02:23] [Worker-Main-19/INFO]: Preparing spawn area: 22%
[20:02:24] [Worker-Main-20/INFO]: Preparing spawn area: 26%
[20:02:24] [Worker-Main-12/INFO]: Preparing spawn area: 31%
[20:02:25] [Worker-Main-12/INFO]: Preparing spawn area: 36%
[20:02:25] [Worker-Main-17/INFO]: Preparing spawn area: 41%
[20:02:26] [Worker-Main-23/INFO]: Preparing spawn area: 47%
[20:02:26] [Worker-Main-19/INFO]: Preparing spawn area: 51%
[20:02:27] [Worker-Main-20/INFO]: Preparing spawn area: 56%
[20:02:27] [Worker-Main-19/INFO]: Preparing spawn area: 62%
[20:02:28] [Worker-Main-22/INFO]: Preparing spawn area: 68%
[20:02:28] [Worker-Main-12/INFO]: Preparing spawn area: 71%
[20:02:29] [Worker-Main-17/INFO]: Preparing spawn area: 78%
[20:02:29] [Worker-Main-22/INFO]: Preparing spawn area: 83%
[20:02:30] [Worker-Main-15/INFO]: Preparing spawn area: 87%
[20:02:30] [Worker-Main-12/INFO]: Preparing spawn area: 93%
[20:02:31] [Server thread/INFO]: Time elapsed: 10975 ms
[20:02:31] [Server thread/INFO]: Preparing start region for dimension minecraft:the_end
[20:02:31] [Worker-Main-17/INFO]: Preparing spawn area: 0%
[20:02:31] [Worker-Main-21/INFO]: Preparing spawn area: 1%
[20:02:32] [Worker-Main-13/INFO]: Preparing spawn area: 25%
[20:02:32] [Worker-Main-13/INFO]: Preparing spawn area: 68%
[20:02:33] [Server thread/INFO]: Time elapsed: 1944 ms
[20:02:33] [Server thread/INFO]: [ResetPlugin] Enabling ResetPlugin v1.0-SNAPSHOT
[20:02:33] [Server thread/INFO]: Server permissions file permissions.yml is empty, ignoring it
[20:02:33] [Server thread/INFO]: Done (37.031s)! For help, type "help"
[20:02:38] [User Authenticator #1/INFO]: UUID of player newgen333 is fc34b3cf-38b0-4e3f-95c0-bb4edcc13e32
[20:02:38] [Server thread/INFO]: newgen333[/127.0.0.1:63928] logged in with entity id 383 at ([world]9.5, 94.0, -0.5)
